Interface Mode ON
Loaded 200 structures
Using complex_3w.pdb as reference
Read 3 chains from contacts file: ABC
Symmetry option on. Checking chain lengths: WARNING!! Chains have different lengths! (B:1 != A:218)
You main run into problems later on...
WARNING!! Chains have different lengths! (C:173 != B:1)
You main run into problems later on...
OK!
Generating ZONE definitions..
Symmetry option was turned on, but chains are not identical: Turning symmetry off
Defined 1 zone(s)
ZONE CLEAR \n ZONE A10-A10:A10-A10 ZONE A11-A11:A11-A11 ZONE A13-A13:A13-A13 ZONE A14-A14:A14-A14 ZONE A15-A15:A15-A15 ZONE A16-A16:A16-A16 ZONE A17-A17:A17-A17 ZONE A18-A18:A18-A18 ZONE A19-A19:A19-A19 ZONE A20-A20:A20-A20 ZONE A21-A21:A21-A21 ZONE A22-A22:A22-A22 ZONE A23-A23:A23-A23 ZONE A24-A24:A24-A24 ZONE A25-A25:A25-A25 ZONE A26-A26:A26-A26 ZONE A27-A27:A27-A27 ZONE A28-A28:A28-A28 ZONE A29-A29:A29-A29 ZONE A30-A30:A30-A30 ZONE A32-A32:A32-A32 ZONE A33-A33:A33-A33 ZONE A34-A34:A34-A34 ZONE A35-A35:A35-A35 ZONE A36-A36:A36-A36 ZONE A37-A37:A37-A37 ZONE A38-A38:A38-A38 ZONE A39-A39:A39-A39 ZONE A42-A42:A42-A42 ZONE A45-A45:A45-A45 ZONE A46-A46:A46-A46 ZONE A47-A47:A47-A47 ZONE A48-A48:A48-A48 ZONE A72-A72:A72-A72 ZONE A73-A73:A73-A73 ZONE A74-A74:A74-A74 ZONE A75-A75:A75-A75 ZONE A76-A76:A76-A76 ZONE A77-A77:A77-A77 ZONE A78-A78:A78-A78 ZONE A79-A79:A79-A79 ZONE A80-A80:A80-A80 ZONE A81-A81:A81-A81 ZONE A82-A82:A82-A82 ZONE A83-A83:A83-A83 ZONE A84-A84:A84-A84 ZONE A85-A85:A85-A85 ZONE A86-A86:A86-A86 ZONE A87-A87:A87-A87 ZONE A88-A88:A88-A88 ZONE A89-A89:A89-A89 ZONE A90-A90:A90-A90 ZONE A91-A91:A91-A91 ZONE A92-A92:A92-A92 ZONE A93-A93:A93-A93 ZONE A94-A94:A94-A94 ZONE A96-A96:A96-A96 ZONE A97-A97:A97-A97 ZONE A98-A98:A98-A98 ZONE A100-A100:A100-A100 ZONE A101-A101:A101-A101 ZONE A126-A126:A126-A126 ZONE A129-A129:A129-A129 ZONE A130-A130:A130-A130 ZONE A131-A131:A131-A131 ZONE A132-A132:A132-A132 ZONE A133-A133:A133-A133 ZONE A134-A134:A134-A134 ZONE A135-A135:A135-A135 ZONE A136-A136:A136-A136 ZONE A137-A137:A137-A137 ZONE A138-A138:A138-A138 ZONE A139-A139:A139-A139 ZONE A140-A140:A140-A140 ZONE A141-A141:A141-A141 ZONE A142-A142:A142-A142 ZONE A143-A143:A143-A143 ZONE A144-A144:A144-A144 ZONE A145-A145:A145-A145 ZONE A146-A146:A146-A146 ZONE A147-A147:A147-A147 ZONE A148-A148:A148-A148 ZONE A149-A149:A149-A149 ZONE A150-A150:A150-A150 ZONE A152-A152:A152-A152 ZONE A153-A153:A153-A153 ZONE A156-A156:A156-A156 ZONE A157-A157:A157-A157 ZONE A158-A158:A158-A158 ZONE A159-A159:A159-A159 ZONE A183-A183:A183-A183 ZONE A184-A184:A184-A184 ZONE A185-A185:A185-A185 ZONE A186-A186:A186-A186 ZONE A187-A187:A187-A187 ZONE A188-A188:A188-A188 ZONE A189-A189:A189-A189 ZONE A190-A190:A190-A190 ZONE A191-A191:A191-A191 ZONE A192-A192:A192-A192 ZONE A193-A193:A193-A193 ZONE A194-A194:A194-A194 ZONE A195-A195:A195-A195 ZONE A196-A196:A196-A196 ZONE A197-A197:A197-A197 ZONE A198-A198:A198-A198 ZONE A199-A199:A199-A199 ZONE A200-A200:A200-A200 ZONE A201-A201:A201-A201 ZONE A202-A202:A202-A202 ZONE A203-A203:A203-A203 ZONE A204-A204:A204-A204 ZONE A205-A205:A205-A205 ZONE A207-A207:A207-A207\n ZONE B1-B1:B1-B1\n ZONE C1-C1:C1-C1 ZONE C2-C2:C2-C2 ZONE C3-C3:C3-C3 ZONE C4-C4:C4-C4 ZONE C5-C5:C5-C5 ZONE C6-C6:C6-C6 ZONE C7-C7:C7-C7 ZONE C8-C8:C8-C8 ZONE C9-C9:C9-C9 ZONE C10-C10:C10-C10 ZONE C11-C11:C11-C11 ZONE C12-C12:C12-C12 ZONE C13-C13:C13-C13 ZONE C14-C14:C14-C14 ZONE C15-C15:C15-C15 ZONE C16-C16:C16-C16 ZONE C17-C17:C17-C17 ZONE C18-C18:C18-C18 ZONE C19-C19:C19-C19 ZONE C20-C20:C20-C20 ZONE C21-C21:C21-C21 ZONE C22-C22:C22-C22 ZONE C27-C27:C27-C27 ZONE C32-C32:C32-C32 ZONE C38-C38:C38-C38 ZONE C39-C39:C39-C39 ZONE C40-C40:C40-C40 ZONE C41-C41:C41-C41 ZONE C42-C42:C42-C42 ZONE C43-C43:C43-C43 ZONE C44-C44:C44-C44 ZONE C45-C45:C45-C45 ZONE C56-C56:C56-C56 ZONE C58-C58:C58-C58 ZONE C118-C118:C118-C118 ZONE C119-C119:C119-C119 ZONE C120-C120:C120-C120 ZONE C121-C121:C121-C121 ZONE C122-C122:C122-C122 ZONE C124-C124:C124-C124 ZONE C125-C125:C125-C125 ZONE C126-C126:C126-C126 ZONE C127-C127:C127-C127 ZONE C128-C128:C128-C128 ZONE C129-C129:C129-C129 ZONE C130-C130:C130-C130 ZONE C131-C131:C131-C131 ZONE C132-C132:C132-C132 ZONE C133-C133:C133-C133 ZONE C134-C134:C134-C134 ZONE C135-C135:C135-C135 ZONE C136-C136:C136-C136 ZONE C137-C137:C137-C137 ZONE C138-C138:C138-C138 ZONE C139-C139:C139-C139 ZONE C140-C140:C140-C140 ZONE C141-C141:C141-C141 ZONE C142-C142:C142-C142 ZONE C143-C143:C143-C143 ZONE C144-C144:C144-C144 ZONE C145-C145:C145-C145 ZONE C148-C148:C148-C148 ZONE C149-C149:C149-C149 ZONE C150-C150:C150-C150 ZONE C152-C152:C152-C152 ZONE C153-C153:C153-C153 ZONE C154-C154:C154-C154 ZONE C155-C155:C155-C155 ZONE C173-C173:C173-C173\n FIT
RMS: 0.000
1
RMS: 0.377
1
RMS: 0.313
1
RMS: 0.305
1
RMS: 0.328
1
RMS: 0.330
1
RMS: 0.865
1
RMS: 1.597
1
RMS: 1.675
1
RMS: 1.541
1
RMS: 1.578
1
RMS: 1.705
1
RMS: 1.652
1
RMS: 1.577
1
RMS: 1.605
1
RMS: 1.620
1
RMS: 1.602
1
RMS: 1.708
1
RMS: 1.577
1
RMS: 1.660
1
RMS: 1.623
1
RMS: 1.624
1
RMS: 1.625
1
RMS: 1.720
1
RMS: 1.693
1
RMS: 1.703
1
RMS: 1.640
1
RMS: 1.577
1
RMS: 1.482
1
RMS: 2.115
1
RMS: 1.662
1
RMS: 1.900
1
RMS: 1.512
1
RMS: 1.655
1
RMS: 1.667
1
RMS: 1.416
1
RMS: 1.817
1
RMS: 16.238
1
RMS: 1.732
1
RMS: 4.577
1
RMS: 1.727
1
RMS: 1.771
1
RMS: 1.677
1
RMS: 1.679
1
RMS: 1.653
1
RMS: 1.664
1
RMS: 1.739
1
RMS: 4.949
1
RMS: 1.829
1
RMS: 3.893
1
RMS: 1.754
1
RMS: 1.673
1
RMS: 1.712
1
RMS: 1.929
1
RMS: 4.313
1
RMS: 1.736
1
RMS: 2.154
1
RMS: 1.583
1
RMS: 1.738
1
RMS: 16.481
1
RMS: 4.109
1
RMS: 2.415
1
RMS: 16.437
1
RMS: 4.743
1
RMS: 5.609
1
RMS: 3.230
1
RMS: 4.346
1
RMS: 16.451
1
RMS: 4.681
1
RMS: 16.531
1
RMS: 16.644
1
RMS: 5.658
1
RMS: 16.484
1
RMS: 5.657
1
RMS: 16.527
1
RMS: 5.615
1
RMS: 4.131
1
RMS: 16.453
1
RMS: 4.098
1
RMS: 5.479
1
RMS: 5.630
1
RMS: 2.617
1
RMS: 4.654
1
RMS: 16.935
1
RMS: 5.703
1
RMS: 5.522
1
RMS: 5.587
1
RMS: 4.767
1
RMS: 4.670
1
RMS: 5.524
1
RMS: 5.764
1
RMS: 5.569
1
RMS: 5.552
1
RMS: 5.650
1
RMS: 4.723
1
RMS: 5.152
1
RMS: 2.666
1
RMS: 3.511
1
RMS: 3.453
1
RMS: 3.515
1
RMS: 5.659
1
RMS: 7.850
1
RMS: 3.542
1
RMS: 3.431
1
RMS: 5.733
1
RMS: 5.623
1
RMS: 3.518
1
RMS: 3.237
1
RMS: 2.719
1
RMS: 5.058
1
RMS: 3.947
1
RMS: 2.926
1
RMS: 3.247
1
RMS: 3.506
1
RMS: 3.865
1
RMS: 14.762
1
RMS: 3.974
1
RMS: 3.446
1
RMS: 3.331
1
RMS: 6.779
1
RMS: 5.064
1
RMS: 3.501
1
RMS: 3.500
1
RMS: 2.984
1
RMS: 13.514
1
RMS: 3.802
1
RMS: 13.892
1
RMS: 4.016
1
RMS: 3.990
1
RMS: 4.264
1
RMS: 3.774
1
RMS: 3.366
1
RMS: 3.397
1
RMS: 7.785
1
RMS: 5.300
1
RMS: 4.004
1
RMS: 3.344
1
RMS: 15.268
1
RMS: 3.524
1
RMS: 3.195
1
RMS: 3.985
1
RMS: 16.842
1
RMS: 16.587
1
RMS: 16.598
1
RMS: 3.418
1
RMS: 5.398
1
RMS: 3.989
1
RMS: 3.305
1
RMS: 3.570
1
RMS: 16.741
1
RMS: 3.494
1
RMS: 3.951
1
RMS: 5.355
1
RMS: 13.951
1
RMS: 3.397
1
RMS: 5.107
1
RMS: 16.558
1
RMS: 16.658
1
RMS: 3.625
1
RMS: 16.611
1
RMS: 3.223
1
RMS: 3.342
1
RMS: 4.047
1
RMS: 3.350
1
RMS: 5.083
1
RMS: 3.284
1
RMS: 9.564
1
RMS: 7.116
1
RMS: 15.255
1
RMS: 3.236
1
RMS: 6.137
1
RMS: 5.129
1
RMS: 5.108
1
RMS: 3.341
1
RMS: 3.480
1
RMS: 9.679
1
RMS: 3.240
1
RMS: 9.955
1
RMS: 7.567
1
RMS: 3.499
1
RMS: 5.669
1
RMS: 3.527
1
RMS: 3.231
1
RMS: 3.394
1
RMS: 16.637
1
RMS: 16.668
1
RMS: 3.479
1
RMS: 6.924
1
RMS: 9.873
1
RMS: 3.395
1
RMS: 3.268
1
RMS: 7.569
1
RMS: 3.447
1
RMS: 3.461
1
RMS: 12.807
1
RMS: 3.390
1
RMS: 16.653
1
RMS: 4.977
1
RMS: 3.325
1
RMS: 9.622
1

